<?xml version="1.0" encoding="UTF-8"?>
<robot generator="Robot 6.1.1 (Python 3.11.5 on darwin)" generated="20230927 14:19:31.168" rpa="false" schemaversion="4">
<suite id="s1" name="Test Points" source="/Users/tuuli/LanguageApp/robot/test_points.robot">
<test id="s1-t1" name="Verify Points Given for Correct Answer" line="59">
<kw name="Open Browser To Login Page">
<kw name="New Browser" library="Browser">
<arg>headless=${False}</arg>
<tag>BrowserControl</tag>
<tag>Setter</tag>
<doc>Create a new playwright Browser with specified options.</doc>
<msg timestamp="20230927 14:19:31.509" level="INFO">{"browser": "chromium", "headless": false, "chromiumSandbox": false, "devtools": false, "handleSIGHUP": true, "handleSIGINT": true, "handleSIGTERM": true, "slowMo": 0.0, "timeout": 30000.0, "tracesDir": "/Users/tuuli/LanguageApp/browser/traces/c4bece66-bb3f-4d2e-a08a-34602aa16195"}</msg>
<msg timestamp="20230927 14:19:32.106" level="INFO">Successfully created browser with options: {"browser":"chromium","headless":false,"chromiumSandbox":false,"devtools":false,"handleSIGHUP":true,"handleSIGINT":true,"handleSIGTERM":true,"slowMo":0,"timeout":30000,"tracesDir":"/Users/tuuli/LanguageApp/browser/traces/c4bece66-bb3f-4d2e-a08a-34602aa16195"}</msg>
<status status="PASS" starttime="20230927 14:19:31.509" endtime="20230927 14:19:32.106"/>
</kw>
<kw name="New Page" library="Browser">
<arg>${LOGINURL}</arg>
<tag>BrowserControl</tag>
<tag>Setter</tag>
<doc>Open a new Page.</doc>
<msg timestamp="20230927 14:19:32.854" level="INFO">Successfully initialized new page object and opened url: http://localhost:3000/Login</msg>
<msg timestamp="20230927 14:19:32.854" level="INFO">No context was open. New context was automatically opened when this page is created.</msg>
<status status="PASS" starttime="20230927 14:19:32.106" endtime="20230927 14:19:32.854"/>
</kw>
<status status="PASS" starttime="20230927 14:19:31.509" endtime="20230927 14:19:32.854"/>
</kw>
<kw name="Enter Username">
<kw name="Fill Text" library="Browser">
<arg>id=login_username</arg>
<arg>txt=${USERNAME}</arg>
<tag>PageContent</tag>
<tag>Setter</tag>
<doc>Clears and fills the given ``txt`` into the text field found by ``selector``.</doc>
<msg timestamp="20230927 14:19:32.855" level="INFO">Fills the text 'Robotester1' in the given field.</msg>
<status status="PASS" starttime="20230927 14:19:32.855" endtime="20230927 14:19:32.936"/>
</kw>
<status status="PASS" starttime="20230927 14:19:32.855" endtime="20230927 14:19:32.936"/>
</kw>
<kw name="Enter Password">
<kw name="Fill Text" library="Browser">
<arg>id=login_password</arg>
<arg>txt=${PASSWORD}</arg>
<tag>PageContent</tag>
<tag>Setter</tag>
<doc>Clears and fills the given ``txt`` into the text field found by ``selector``.</doc>
<msg timestamp="20230927 14:19:32.936" level="INFO">Fills the text 'Password' in the given field.</msg>
<status status="PASS" starttime="20230927 14:19:32.936" endtime="20230927 14:19:32.945"/>
</kw>
<status status="PASS" starttime="20230927 14:19:32.936" endtime="20230927 14:19:32.945"/>
</kw>
<kw name="Submit Login Form">
<kw name="Click" library="Browser">
<arg>id=login_loginButton</arg>
<tag>PageContent</tag>
<tag>Setter</tag>
<doc>Simulates mouse click on the element found by ``selector``.</doc>
<status status="PASS" starttime="20230927 14:19:32.945" endtime="20230927 14:19:32.982"/>
</kw>
<status status="PASS" starttime="20230927 14:19:32.945" endtime="20230927 14:19:32.983"/>
</kw>
<kw name="Sleep" library="BuiltIn">
<arg>4s</arg>
<doc>Pauses the test executed for the given time.</doc>
<msg timestamp="20230927 14:19:36.984" level="INFO">Slept 4 seconds</msg>
<status status="PASS" starttime="20230927 14:19:32.983" endtime="20230927 14:19:36.984"/>
</kw>
<kw name="Verify That MainPage Is Visible">
<kw name="Get Url" library="Browser">
<arg>==</arg>
<arg>${MAINURL}</arg>
<tag>Assertion</tag>
<tag>Getter</tag>
<tag>PageContent</tag>
<doc>Returns the current URL.</doc>
<status status="PASS" starttime="20230927 14:19:36.985" endtime="20230927 14:19:36.992"/>
</kw>
<status status="PASS" starttime="20230927 14:19:36.985" endtime="20230927 14:19:36.992"/>
</kw>
<kw name="Navigate To Game4">
<kw name="New Page" library="Browser">
<arg>${GAME4URL}</arg>
<tag>BrowserControl</tag>
<tag>Setter</tag>
<doc>Open a new Page.</doc>
<msg timestamp="20230927 14:19:37.297" level="INFO">Successfully initialized new page object and opened url: http://localhost:3000/Game4</msg>
<status status="PASS" starttime="20230927 14:19:36.993" endtime="20230927 14:19:37.297"/>
</kw>
<status status="PASS" starttime="20230927 14:19:36.992" endtime="20230927 14:19:37.297"/>
</kw>
<kw name="Sleep" library="BuiltIn">
<arg>2s</arg>
<doc>Pauses the test executed for the given time.</doc>
<msg timestamp="20230927 14:19:39.299" level="INFO">Slept 2 seconds</msg>
<status status="PASS" starttime="20230927 14:19:37.297" endtime="20230927 14:19:39.300"/>
</kw>
<kw name="Verify That Game4-page Is Visible">
<kw name="Get Text" library="Browser">
<arg>body</arg>
<arg>contains</arg>
<arg>Tämän tehtävän pisteet: 0</arg>
<tag>Assertion</tag>
<tag>Getter</tag>
<tag>PageContent</tag>
<doc>Returns text attribute of the element found by ``selector``.</doc>
<msg timestamp="20230927 14:19:39.340" level="INFO">Text: 'Etusivu\nTehtävät\nKirjaudu ulos\nValitse oikea sana\nKokonaispisteesi: 0\nOlet tehtävätasolla: 1\nTämän tehtävän pisteet: 0\nMango\nPineapple\nLemon\nApple\n\n×\n\nOlet treenannut 0 minuuttia! Jatka samaan malliin'</msg>
<status status="PASS" starttime="20230927 14:19:39.301" endtime="20230927 14:19:39.340"/>
</kw>
<status status="PASS" starttime="20230927 14:19:39.301" endtime="20230927 14:19:39.340"/>
</kw>
<kw name="Sleep" library="BuiltIn">
<arg>3s</arg>
<doc>Pauses the test executed for the given time.</doc>
<msg timestamp="20230927 14:19:42.342" level="INFO">Slept 3 seconds</msg>
<status status="PASS" starttime="20230927 14:19:39.340" endtime="20230927 14:19:42.342"/>
</kw>
<kw name="Choose Correct Answer">
<kw name="Click" library="Browser">
<arg>xpath=//*[@id="__next"]/div[2]/div[2]/div/div/div/button[4]</arg>
<tag>PageContent</tag>
<tag>Setter</tag>
<doc>Simulates mouse click on the element found by ``selector``.</doc>
<status status="PASS" starttime="20230927 14:19:42.344" endtime="20230927 14:19:42.399"/>
</kw>
<status status="PASS" starttime="20230927 14:19:42.343" endtime="20230927 14:19:42.399"/>
</kw>
<kw name="Sleep" library="BuiltIn">
<arg>1s</arg>
<doc>Pauses the test executed for the given time.</doc>
<msg timestamp="20230927 14:19:43.401" level="INFO">Slept 1 second</msg>
<status status="PASS" starttime="20230927 14:19:42.399" endtime="20230927 14:19:43.401"/>
</kw>
<kw name="Verify That Right Click Was Registered">
<kw name="Get Text" library="Browser">
<arg>body</arg>
<arg>contains</arg>
<arg>Oikein</arg>
<tag>Assertion</tag>
<tag>Getter</tag>
<tag>PageContent</tag>
<doc>Returns text attribute of the element found by ``selector``.</doc>
<msg timestamp="20230927 14:19:43.410" level="INFO">Text: 'Etusivu\nTehtävät\nKirjaudu ulos\nValitse oikea sana\nKokonaispisteesi: 10\nOlet tehtävätasolla: 1\nTämän tehtävän pisteet: 1\nMango\nPineapple\nLemon\nApple\n\nOikein!\n\n×\n\nOlet treenannut 0 minuuttia! Jatka samaan malliin'</msg>
<status status="PASS" starttime="20230927 14:19:43.402" endtime="20230927 14:19:43.410"/>
</kw>
<status status="PASS" starttime="20230927 14:19:43.401" endtime="20230927 14:19:43.410"/>
</kw>
<kw name="Sleep" library="BuiltIn">
<arg>2s</arg>
<doc>Pauses the test executed for the given time.</doc>
<msg timestamp="20230927 14:19:45.413" level="INFO">Slept 2 seconds</msg>
<status status="PASS" starttime="20230927 14:19:43.410" endtime="20230927 14:19:45.413"/>
</kw>
<kw name="Verify That Point was Given for Correct Answer">
<kw name="Get Text" library="Browser">
<arg>body</arg>
<arg>contains</arg>
<arg>Tämän tehtävän pisteet: 1</arg>
<tag>Assertion</tag>
<tag>Getter</tag>
<tag>PageContent</tag>
<doc>Returns text attribute of the element found by ``selector``.</doc>
<msg timestamp="20230927 14:19:45.424" level="INFO">Text: 'Etusivu\nTehtävät\nKirjaudu ulos\nValitse oikea sana\nKokonaispisteesi: 11\nOlet tehtävätasolla: 1\nTämän tehtävän pisteet: 1\nOrange\nBanana\nPeach\nCoconut'</msg>
<status status="PASS" starttime="20230927 14:19:45.413" endtime="20230927 14:19:45.424"/>
</kw>
<status status="PASS" starttime="20230927 14:19:45.413" endtime="20230927 14:19:45.424"/>
</kw>
<kw name="Sleep" library="BuiltIn">
<arg>3s</arg>
<doc>Pauses the test executed for the given time.</doc>
<msg timestamp="20230927 14:19:48.426" level="INFO">Slept 3 seconds</msg>
<status status="PASS" starttime="20230927 14:19:45.424" endtime="20230927 14:19:48.426"/>
</kw>
<kw name="Answer Wrong To Next Question">
<kw name="Click" library="Browser">
<arg>xpath=//*[@id="__next"]/div[2]/div[2]/div/div/div/button[4]</arg>
<tag>PageContent</tag>
<tag>Setter</tag>
<doc>Simulates mouse click on the element found by ``selector``.</doc>
<status status="PASS" starttime="20230927 14:19:48.427" endtime="20230927 14:19:48.455"/>
</kw>
<status status="PASS" starttime="20230927 14:19:48.426" endtime="20230927 14:19:48.455"/>
</kw>
<kw name="Sleep" library="BuiltIn">
<arg>3s</arg>
<doc>Pauses the test executed for the given time.</doc>
<msg timestamp="20230927 14:19:51.456" level="INFO">Slept 3 seconds</msg>
<status status="PASS" starttime="20230927 14:19:48.455" endtime="20230927 14:19:51.457"/>
</kw>
<kw name="Verify That Wrong Click Was Registered">
<kw name="Get Text" library="Browser">
<arg>body</arg>
<arg>contains</arg>
<arg>Väärin</arg>
<tag>Assertion</tag>
<tag>Getter</tag>
<tag>PageContent</tag>
<doc>Returns text attribute of the element found by ``selector``.</doc>
<msg timestamp="20230927 14:19:51.474" level="INFO">Text: 'Etusivu\nTehtävät\nKirjaudu ulos\nValitse oikea sana\nKokonaispisteesi: 11\nOlet tehtävätasolla: 1\nTämän tehtävän pisteet: 1\nOrange\nBanana\nPeach\nCoconut\n\nVäärin, yritä uudelleen!'</msg>
<status status="PASS" starttime="20230927 14:19:51.458" endtime="20230927 14:19:51.475"/>
</kw>
<status status="PASS" starttime="20230927 14:19:51.457" endtime="20230927 14:19:51.475"/>
</kw>
<kw name="Sleep" library="BuiltIn">
<arg>4s</arg>
<doc>Pauses the test executed for the given time.</doc>
<msg timestamp="20230927 14:19:55.476" level="INFO">Slept 4 seconds</msg>
<status status="PASS" starttime="20230927 14:19:51.475" endtime="20230927 14:19:55.476"/>
</kw>
<kw name="Verify That Point was Not Given for Incorrect Answer">
<kw name="Get Text" library="Browser">
<arg>body</arg>
<arg>contains</arg>
<arg>Tämän tehtävän pisteet: 1</arg>
<tag>Assertion</tag>
<tag>Getter</tag>
<tag>PageContent</tag>
<doc>Returns text attribute of the element found by ``selector``.</doc>
<msg timestamp="20230927 14:19:55.494" level="INFO">Text: 'Etusivu\nTehtävät\nKirjaudu ulos\nValitse oikea sana\nKokonaispisteesi: 11\nOlet tehtävätasolla: 1\nTämän tehtävän pisteet: 1\nOrange\nBanana\nPeach\nCoconut\n\nVäärin, yritä uudelleen!'</msg>
<status status="PASS" starttime="20230927 14:19:55.477" endtime="20230927 14:19:55.494"/>
</kw>
<status status="PASS" starttime="20230927 14:19:55.477" endtime="20230927 14:19:55.494"/>
</kw>
<status status="PASS" starttime="20230927 14:19:31.507" endtime="20230927 14:19:55.495"/>
</test>
<status status="PASS" starttime="20230927 14:19:31.169" endtime="20230927 14:19:55.564"/>
</suite>
<statistics>
<total>
<stat pass="1" fail="0" skip="0">All Tests</stat>
</total>
<tag>
</tag>
<suite>
<stat pass="1" fail="0" skip="0" id="s1" name="Test Points">Test Points</stat>
</suite>
</statistics>
<errors>
</errors>
</robot>
